Setting breakpad minidump AppID = 445980
Steam_SetMinidumpSteamID:  Caching Steam ID:  76561198396788215 [API loaded no]
14ac1)
GfxDevice: creating device client; threaded=1
Renderer: Mesa Intel(R) UHD Graphics (CML GT2)
Vendor:   Intel
Version:  4.6 (Core Profile) Mesa 22.0.2
GLES:     0
 GL_3DFX_texture_compression_FXT1 GL_AMD_conservative_depth GL_AMD_depth_clamp_separate GL_AMD_draw_buffers_blend GL_AMD_gpu_shader_int64 GL_AMD_multi_draw_indirect GL_AMD_performance_monitor GL_AMD_pinned_memory GL_AMD_query_buffer_object GL_AMD_seamless_cubemap_per_texture GL_AMD_shader_stencil_export GL_AMD_shader_trinary_minmax GL_AMD_texture_texture4 GL_AMD_vertex_shader_layer GL_AMD_vertex_shader_viewport_index GL_ANGLE_texture_compression_dxt3 GL_ANGLE_texture_compression_dxt5 GL_ARB_ES2_compatibility GL_ARB_ES3_1_compatibility GL_ARB_ES3_2_compatibility GL_ARB_ES3_compatibility GL_ARB_arrays_of_arrays GL_ARB_base_instance GL_ARB_blend_func_extended GL_ARB_buffer_storage GL_ARB_clear_buffer_object GL_ARB_clear_texture GL_ARB_clip_control GL_ARB_compressed_texture_pixel_storage GL_ARB_compute_shader GL_ARB_compute_variable_group_size GL_ARB_conditional_render_inverted GL_ARB_conservative_depth GL_ARB_copy_buffer GL_ARB_copy_image GL_ARB_cull_distance GL_ARB_debug_output GL_ARB_depth_buffer_float GL_ARB
_depth_clamp GL_ARB_derivative_control GL_ARB_direct_state_access GL_ARB_draw_buffers GL_ARB_draw_buffers_blend GL_ARB_draw_elements_base_vertex GL_ARB_draw_indirect GL_ARB_draw_instanced GL_ARB_enhanced_layouts GL_ARB_explicit_attrib_location GL_ARB_explicit_uniform_location GL_ARB_fragment_coord_conventions GL_ARB_fragment_layer_viewport GL_ARB_fragment_shader GL_ARB_fragment_shader_interlock GL_ARB_framebuffer_no_attachments GL_ARB_framebuffer_object GL_ARB_framebuffer_sRGB GL_ARB_get_program_binary GL_ARB_get_texture_sub_image GL_ARB_gl_spirv GL_ARB_gpu_shader5 GL_ARB_gpu_shader_fp64 GL_ARB_gpu_shader_int64 GL_ARB_half_float_pixel GL_ARB_half_float_vertex GL_ARB_indirect_parameters GL_ARB_instanced_arrays GL_ARB_internalformat_query GL_ARB_internalformat_query2 GL_ARB_invalidate_subdata GL_ARB_map_buffer_alignment GL_ARB_map_buffer_range GL_ARB_multi_bind GL_ARB_multi_draw_indirect GL_ARB_occlusion_query2 GL_ARB_parallel_shader_compile GL_ARB_pipeline_statistics_query GL_ARB_pixel_buffer_object GL_ARB_po
int_sprite GL_ARB_polygon_offset_clamp GL_ARB_post_depth_coverage GL_ARB_program_interface_query GL_ARB_provoking_vertex GL_ARB_query_buffer_object GL_ARB_robust_buffer_access_behavior GL_ARB_robustness GL_ARB_sample_shading GL_ARB_sampler_objects GL_ARB_seamless_cube_map GL_ARB_seamless_cubemap_per_texture GL_ARB_separate_shader_objects GL_ARB_shader_atomic_counter_ops GL_ARB_shader_atomic_counters GL_ARB_shader_ballot GL_ARB_shader_bit_encoding GL_ARB_shader_clock GL_ARB_shader_draw_parameters GL_ARB_shader_group_vote GL_ARB_shader_image_load_store GL_ARB_shader_image_size GL_ARB_shader_objects GL_ARB_shader_precision GL_ARB_shader_stencil_export GL_ARB_shader_storage_buffer_object GL_ARB_shader_subroutine GL_ARB_shader_texture_image_samples GL_ARB_shader_texture_lod GL_ARB_shader_viewport_layer_array GL_ARB_shading_language_420pack GL_ARB_shading_language_include GL_ARB_shading_language_packing GL_ARB_spirv_extensions GL_ARB_stencil_texturing GL_ARB_sync GL_ARB_tessellation_shader GL_ARB_texture_barrier G
L_ARB_texture_buffer_object GL_ARB_texture_buffer_object_rgb32 GL_ARB_texture_buffer_range GL_ARB_texture_compression_bptc GL_ARB_texture_compression_rgtc GL_ARB_texture_cube_map_array GL_ARB_texture_filter_anisotropic GL_ARB_texture_float GL_ARB_texture_gather GL_ARB_texture_mirror_clamp_to_edge GL_ARB_texture_multisample GL_ARB_texture_non_power_of_two GL_ARB_texture_query_levels GL_ARB_texture_query_lod GL_ARB_texture_rectangle GL_ARB_texture_rg GL_ARB_texture_rgb10_a2ui GL_ARB_texture_stencil8 GL_ARB_texture_storage GL_ARB_texture_storage_multisample GL_ARB_texture_swizzle GL_ARB_texture_view GL_ARB_timer_query GL_ARB_transform_feedback2 GL_ARB_transform_feedback3 GL_ARB_transform_feedback_instanced GL_ARB_transform_feedback_overflow_query GL_ARB_uniform_buffer_object GL_ARB_vertex_array_bgra GL_ARB_vertex_array_object GL_ARB_vertex_attrib_64bit GL_ARB_vertex_attrib_binding GL_ARB_vertex_buffer_object GL_ARB_vertex_shader GL_ARB_vertex_type_10f_11f_11f_rev GL_ARB_vertex_type_2_10_10_10_rev GL_ARB_viewpor
t_array GL_ATI_blend_equation_separate GL_ATI_texture_float GL_EXT_EGL_image_storage GL_EXT_EGL_sync GL_EXT_abgr GL_EXT_blend_equation_separate GL_EXT_demote_to_helper_invocation GL_EXT_draw_buffers2 GL_EXT_draw_instanced GL_EXT_framebuffer_blit GL_EXT_framebuffer_multisample GL_EXT_framebuffer_multisample_blit_scaled GL_EXT_framebuffer_object GL_EXT_framebuffer_sRGB GL_EXT_memory_object GL_EXT_memory_object_fd GL_EXT_packed_depth_stencil GL_EXT_packed_float GL_EXT_pixel_buffer_object GL_EXT_polygon_offset_clamp GL_EXT_provoking_vertex GL_EXT_semaphore GL_EXT_semaphore_fd GL_EXT_shader_framebuffer_fetch GL_EXT_shader_framebuffer_fetch_non_coherent GL_EXT_shader_integer_mix GL_EXT_shader_samples_identical GL_EXT_texture_array GL_EXT_texture_compression_dxt1 GL_EXT_texture_compression_rgtc GL_EXT_texture_compression_s3tc GL_EXT_texture_filter_anisotropic GL_EXT_texture_integer GL_EXT_texture_sRGB GL_EXT_texture_sRGB_R8 GL_EXT_texture_sRGB_decode GL_EXT_texture_shadow_lod GL_EXT_texture_shared_exponent GL_EXT_t
exture_snorm GL_EXT_texture_swizzle GL_EXT_timer_query GL_EXT_transform_feedback GL_EXT_vertex_array_bgra GL_EXT_vertex_attrib_64bit GL_IBM_multimode_draw_arrays GL_INTEL_blackhole_render GL_INTEL_conservative_rasterization GL_INTEL_performance_query GL_INTEL_shader_atomic_float_minmax GL_INTEL_shader_integer_functions2 GL_KHR_blend_equation_advanced GL_KHR_blend_equation_advanced_coherent GL_KHR_context_flush_control GL_KHR_debug GL_KHR_no_error GL_KHR_parallel_shader_compile GL_KHR_robust_buffer_access_behavior GL_KHR_robustness GL_KHR_texture_compression_astc_ldr GL_KHR_texture_compression_astc_sliced_3d GL_MESA_framebuffer_flip_y GL_MESA_pack_invert GL_MESA_shader_integer_functions GL_MESA_texture_signed_rgba GL_NV_compute_shader_derivatives GL_NV_conditional_render GL_NV_copy_image GL_NV_depth_clamp GL_NV_fragment_shader_interlock GL_NV_packed_depth_stencil GL_NV_texture_barrier GL_OES_EGL_image GL_S3_s3tc
OPENGL LOG: Creating OpenGL 4.6 graphics device ; Context level  <OpenGL 4.5> ; Context handle 50248816
AudioManager: Using PulseAudio: Default Output Device
Begin MonoManager ReloadAssembly
Platform assembly: /home/chad/.local/share/Steam/steamapps/common/Wizard of Legend/WizardOfLegend_Data/Managed/UnityEngine.dll (this message is harmless)
Loading /home/chad/.local/share/Steam/steamapps/common/Wizard of Legend/WizardOfLegend_Data/Managed/UnityEngine.dll into Unity Child Domain
Platform assembly: /home/chad/.local/share/Steam/steamapps/common/Wizard of Legend/WizardOfLegend_Data/Managed/Assembly-CSharp-firstpass.dll (this message is harmless)
Loading /home/chad/.local/share/Steam/steamapps/common/Wizard of Legend/WizardOfLegend_Data/Managed/Assembly-CSharp-firstpass.dll into Unity Child Domain
Platform assembly: /home/chad/.local/share/Steam/steamapps/common/Wizard of Legend/WizardOfLegend_Data/Managed/Assembly-CSharp.dll (this message is harmless)
Loading /home/chad/.local/share/Steam/steamapps/common/Wizard of Legend/WizardOfLegend_Data/Managed/Assembly-CSharp.dll into Unity Child Domain
Platform assembly: /home/chad/.local/share/Steam/steamapps/common/Wizard of Legend/WizardOfLegend_Data/Managed/UnityEngine.UI.dll (this message is harmless)
Loading /home/chad/.local/share/Steam/steamapps/common/Wizard of Legend/WizardOfLegend_Data/Managed/UnityEngine.UI.dll into Unity Child Domain
Platform assembly: /home/chad/.local/share/Steam/steamapps/common/Wizard of Legend/WizardOfLegend_Data/Managed/UnityEngine.Networking.dll (this message is harmless)
Loading /home/chad/.local/share/Steam/steamapps/common/Wizard of Legend/WizardOfLegend_Data/Managed/UnityEngine.Networking.dll into Unity Child Domain
Platform assembly: /home/chad/.local/share/Steam/steamapps/common/Wizard of Legend/WizardOfLegend_Data/Managed/Rewired_Core.dll (this message is harmless)
Loading /home/chad/.local/share/Steam/steamapps/common/Wizard of Legend/WizardOfLegend_Data/Managed/Rewired_Core.dll into Unity Child Domain
Platform assembly: /home/chad/.local/share/Steam/steamapps/common/Wizard of Legend/WizardOfLegend_Data/Managed/Rewired_Linux.dll (this message is harmless)
Loading /home/chad/.local/share/Steam/steamapps/common/Wizard of Legend/WizardOfLegend_Data/Managed/Rewired_Linux.dll into Unity Child Domain
Platform assembly: /home/chad/.local/share/Steam/steamapps/common/Wizard of Legend/WizardOfLegend_Data/Managed/Rewired_OSX.dll (this message is harmless)
Loading /home/chad/.local/share/Steam/steamapps/common/Wizard of Legend/WizardOfLegend_Data/Managed/Rewired_OSX.dll into Unity Child Domain
Platform assembly: /home/chad/.local/share/Steam/steamapps/common/Wizard of Legend/WizardOfLegend_Data/Managed/Rewired_Windows.dll (this message is harmless)
Loading /home/chad/.local/share/Steam/steamapps/common/Wizard of Legend/WizardOfLegend_Data/Managed/Rewired_Windows.dll into Unity Child Domain
- Completed reload, in  0.030 seconds
Platform assembly: /home/chad/.local/share/Steam/steamapps/common/Wizard of Legend/WizardOfLegend_Data/Managed/System.Core.dll (this message is harmless)
Platform assembly: /home/chad/.local/share/Steam/steamapps/common/Wizard of Legend/WizardOfLegend_Data/Managed/System.dll (this message is harmless)
OnLevelWasLoaded was found on Minimap
This message has been deprecated and will be removed in a later version of Unity.
Add a delegate to SceneManager.sceneLoaded instead to get notifications after scene loading has completed
 
(Filename:  Line: 376)

OnLevelWasLoaded was found on LevelSummary
This message has been deprecated and will be removed in a later version of Unity.
Add a delegate to SceneManager.sceneLoaded instead to get notifications after scene loading has completed
 
(Filename:  Line: 376)

Platform assembly: /home/chad/.local/share/Steam/steamapps/common/Wizard of Legend/WizardOfLegend_Data/Managed/System.Xml.dll (this message is harmless)
OnLevelWasLoaded was found on GameController
This message has been deprecated and will be removed in a later version of Unity.
Add a delegate to SceneManager.sceneLoaded instead to get notifications after scene loading has completed
 
(Filename:  Line: 376)

OnLevelWasLoaded was found on RunModifier
This message has been deprecated and will be removed in a later version of Unity.
Add a delegate to SceneManager.sceneLoaded instead to get notifications after scene loading has completed
 
(Filename:  Line: 376)

OnLevelWasLoaded was found on Compass
This message has been deprecated and will be removed in a later version of Unity.
Add a delegate to SceneManager.sceneLoaded instead to get notifications after scene loading has completed
 
(Filename:  Line: 376)

OnLevelWasLoaded was found on ExitCompass
This message has been deprecated and will be removed in a later version of Unity.
Add a delegate to SceneManager.sceneLoaded instead to get notifications after scene loading has completed
 
(Filename:  Line: 376)

New context 0x3701810 created with attributes:
Default vsync count 1
requesting resize -1 x -1
Using native desktop resolution 1920 x 1080
requesting fullscreen 1920 x 1080 at 0 Hz
Desktop is 1920 x 1080 @ 60 Hz
UnloadTime: 2.177000 ms
Desktop is 1920 x 1080 @ 60 Hz
The referenced script on this Behaviour (Game Object 'CraftedRoom') is missing!
 
(Filename:  Line: 1744)

The referenced script on this Behaviour (Game Object 'InputController') is missing!
 
(Filename:  Line: 1744)

File not found: GameSettings.gs
File not found: GameData.gd
File not found: GameDataChaos.gd
File not found: GameVars.gv
DontDestroyOnLoad only work for root GameObjects or components on root GameObjects.
 
(Filename:  Line: 481)

File not found: GameSettings.gs
File not found: GameVars.gv
Fallback handler could not load library /home/chad/.local/share/Steam/steamapps/common/Wizard of Legend/WizardOfLegend_Data/Mono/x86_64/libsteam_api
requesting resize 1920 x 1080
Using native desktop resolution 1920 x 1080
requesting fullscreen 1920 x 1080 at 60 Hz
Desktop is 1920 x 1080 @ 60 Hz
Unloading 6 Unused Serialized files (Serialized files now loaded: 3)
UnloadTime: 10.113000 ms

Unloading 127103 unused Assets to reduce memory usage. Loaded Objects now: 46635.
Total: 215.750000 ms (FindLiveObjects: 13.792000 ms CreateObjectMapping: 17.060001 ms MarkObjects: 51.440002 ms  DeleteObjects: 133.457001 ms)

Animator.GotoState: State could not be found
 
(Filename:  Line: 1297)

Invalid Layer Index '-1'
 
(Filename:  Line: 866)

Animator.GotoState: State could not be found
 
(Filename:  Line: 1297)

Invalid Layer Index '-1'
 
(Filename:  Line: 866)

Animator.GotoState: State could not be found
 
(Filename:  Line: 1297)

Invalid Layer Index '-1'
 
(Filename:  Line: 866)

Animator.GotoState: State could not be found
 
(Filename:  Line: 1297)

Invalid Layer Index '-1'
 
(Filename:  Line: 866)

Animator.GotoState: State could not be found
 
(Filename:  Line: 1297)

Invalid Layer Index '-1'
 
(Filename:  Line: 866)

Animator.GotoState: State could not be found
 
(Filename:  Line: 1297)

Invalid Layer Index '-1'
 
(Filename:  Line: 866)

Animator.GotoState: State could not be found
 
(Filename:  Line: 1297)

Invalid Layer Index '-1'
 
(Filename:  Line: 866)

Animator.GotoState: State could not be found
 
(Filename:  Line: 1297)

Invalid Layer Index '-1'
 
(Filename:  Line: 866)

Animator.GotoState: State could not be found
 
(Filename:  Line: 1297)

Invalid Layer Index '-1'
 
(Filename:  Line: 866)

Animator.GotoState: State could not be found
 
(Filename:  Line: 1297)

Invalid Layer Index '-1'
 
(Filename:  Line: 866)

Animator.GotoState: State could not be found
 
(Filename:  Line: 1297)

Invalid Layer Index '-1'
 
(Filename:  Line: 866)

Animator.GotoState: State could not be found
 
(Filename:  Line: 1297)

Invalid Layer Index '-1'
 
(Filename:  Line: 866)

Animator.GotoState: State could not be found
 
(Filename:  Line: 1297)

Invalid Layer Index '-1'
 
(Filename:  Line: 866)

Animator.GotoState: State could not be found
 
(Filename:  Line: 1297)

Invalid Layer Index '-1'
 
(Filename:  Line: 866)

Animator.GotoState: State could not be found
 
(Filename:  Line: 1297)

Invalid Layer Index '-1'
 
(Filename:  Line: 866)

Animator.GotoState: State could not be found
 
(Filename:  Line: 1297)

Invalid Layer Index '-1'
 
(Filename:  Line: 866)

Animator.GotoState: State could not be found
 
(Filename:  Line: 1297)

Invalid Layer Index '-1'
 
(Filename:  Line: 866)

Animator.GotoState: State could not be found
 
(Filename:  Line: 1297)

Invalid Layer Index '-1'
 
(Filename:  Line: 866)

Animator.GotoState: State could not be found
 
(Filename:  Line: 1297)

Invalid Layer Index '-1'
 
(Filename:  Line: 866)

Animator.GotoState: State could not be found
 
(Filename:  Line: 1297)

Invalid Layer Index '-1'
 
(Filename:  Line: 866)

Animator.GotoState: State could not be found
 
(Filename:  Line: 1297)

Invalid Layer Index '-1'
 
(Filename:  Line: 866)

Animator.GotoState: State could not be found
 
(Filename:  Line: 1297)

Invalid Layer Index '-1'
 
(Filename:  Line: 866)

Animator.GotoState: State could not be found
 
(Filename:  Line: 1297)

Invalid Layer Index '-1'
 
(Filename:  Line: 866)

Animator.GotoState: State could not be found
 
(Filename:  Line: 1297)

Invalid Layer Index '-1'
 
(Filename:  Line: 866)

Animator.GotoState: State could not be found
 
(Filename:  Line: 1297)

Invalid Layer Index '-1'
 
(Filename:  Line: 866)

Animator.GotoState: State could not be found
 
(Filename:  Line: 1297)

Invalid Layer Index '-1'
 
(Filename:  Line: 866)

Animator.GotoState: State could not be found
 
(Filename:  Line: 1297)

Invalid Layer Index '-1'
 
(Filename:  Line: 866)

Animator.GotoState: State could not be found
 
(Filename:  Line: 1297)

Invalid Layer Index '-1'
 
(Filename:  Line: 866)

Animator.GotoState: State could not be found
 
(Filename:  Line: 1297)

Invalid Layer Index '-1'
 
(Filename:  Line: 866)

Animator.GotoState: State could not be found
 
(Filename:  Line: 1297)

Invalid Layer Index '-1'
 
(Filename:  Line: 866)

Animator.GotoState: State could not be found
 
(Filename:  Line: 1297)

Invalid Layer Index '-1'
 
(Filename:  Line: 866)

Animator.GotoState: State could not be found
 
(Filename:  Line: 1297)

Invalid Layer Index '-1'
 
(Filename:  Line: 866)

Animator.GotoState: State could not be found
 
(Filename:  Line: 1297)

Invalid Layer Index '-1'
 
(Filename:  Line: 866)

Animator.GotoState: State could not be found
 
(Filename:  Line: 1297)

Invalid Layer Index '-1'
 
(Filename:  Line: 866)

Animator.GotoState: State could not be found
 
(Filename:  Line: 1297)

Invalid Layer Index '-1'
 
(Filename:  Line: 866)

Animator.GotoState: State could not be found
 
(Filename:  Line: 1297)

Invalid Layer Index '-1'
 
(Filename:  Line: 866)

Animator.GotoState: State could not be found
 
(Filename:  Line: 1297)

Invalid Layer Index '-1'
 
(Filename:  Line: 866)

Animator.GotoState: State could not be found
 
(Filename:  Line: 1297)

Invalid Layer Index '-1'
 
(Filename:  Line: 866)

Animator.GotoState: State could not be found
 
(Filename:  Line: 1297)

Invalid Layer Index '-1'
 
(Filename:  Line: 866)

Animator.GotoState: State could not be found
 
(Filename:  Line: 1297)

Invalid Layer Index '-1'
 
(Filename:  Line: 866)

Animator.GotoState: State could not be found
 
(Filename:  Line: 1297)

Invalid Layer Index '-1'
 
(Filename:  Line: 866)

Animator.GotoState: State could not be found
 
(Filename:  Line: 1297)

Invalid Layer Index '-1'
 
(Filename:  Line: 866)

Animator.GotoState: State could not be found
 
(Filename:  Line: 1297)

Invalid Layer Index '-1'
 
(Filename:  Line: 866)

Animator.GotoState: State could not be found
 
(Filename:  Line: 1297)

Invalid Layer Index '-1'
 
(Filename:  Line: 866)

Animator.GotoState: State could not be found
 
(Filename:  Line: 1297)

Invalid Layer Index '-1'
 
(Filename:  Line: 866)

Animator.GotoState: State could not be found
 
(Filename:  Line: 1297)

Invalid Layer Index '-1'
 
(Filename:  Line: 866)

Animator.GotoState: State could not be found
 
(Filename:  Line: 1297)

Invalid Layer Index '-1'
 
(Filename:  Line: 866)

Animator.GotoState: State could not be found
 
(Filename:  Line: 1297)

Invalid Layer Index '-1'
 
(Filename:  Line: 866)

Animator.GotoState: State could not be found
 
(Filename:  Line: 1297)

Invalid Layer Index '-1'
 
(Filename:  Line: 866)

Animator.GotoState: State could not be found
 
(Filename:  Line: 1297)

Invalid Layer Index '-1'
 
(Filename:  Line: 866)

Animator.GotoState: State could not be found
 
(Filename:  Line: 1297)

Invalid Layer Index '-1'
 
(Filename:  Line: 866)

Animator.GotoState: State could not be found
 
(Filename:  Line: 1297)

Invalid Layer Index '-1'
 
(Filename:  Line: 866)

Animator.GotoState: State could not be found
 
(Filename:  Line: 1297)

Invalid Layer Index '-1'
 
(Filename:  Line: 866)

Animator.GotoState: State could not be found
 
(Filename:  Line: 1297)

Invalid Layer Index '-1'
 
(Filename:  Line: 866)

Animator.GotoState: State could not be found
 
(Filename:  Line: 1297)

Invalid Layer Index '-1'
 
(Filename:  Line: 866)

Animator.GotoState: State could not be found
 
(Filename:  Line: 1297)

Invalid Layer Index '-1'
 
(Filename:  Line: 866)

Animator.GotoState: State could not be found
 
(Filename:  Line: 1297)

Invalid Layer Index '-1'
 
(Filename:  Line: 866)

Animator.GotoState: State could not be found
 
(Filename:  Line: 1297)

Invalid Layer Index '-1'
 
(Filename:  Line: 866)

Animator.GotoState: State could not be found
 
(Filename:  Line: 1297)

Invalid Layer Index '-1'
 
(Filename:  Line: 866)

Animator.GotoState: State could not be found
 
(Filename:  Line: 1297)

Invalid Layer Index '-1'
 
(Filename:  Line: 866)

Animator.GotoState: State could not be found
 
(Filename:  Line: 1297)

Invalid Layer Index '-1'
 
(Filename:  Line: 866)

Animator.GotoState: State could not be found
 
(Filename:  Line: 1297)

Invalid Layer Index '-1'
 
(Filename:  Line: 866)

Animator.GotoState: State could not be found
 
(Filename:  Line: 1297)

Invalid Layer Index '-1'
 
(Filename:  Line: 866)

Animator.GotoState: State could not be found
 
(Filename:  Line: 1297)

Invalid Layer Index '-1'
 
(Filename:  Line: 866)

Animator.GotoState: State could not be found
 
(Filename:  Line: 1297)

Invalid Layer Index '-1'
 
(Filename:  Line: 866)

Animator.GotoState: State could not be found
 
(Filename:  Line: 1297)

Invalid Layer Index '-1'
 
(Filename:  Line: 866)

Animator.GotoState: State could not be found
 
(Filename:  Line: 1297)

Invalid Layer Index '-1'
 
(Filename:  Line: 866)

Animator.GotoState: State could not be found
 
(Filename:  Line: 1297)

Invalid Layer Index '-1'
 
(Filename:  Line: 866)

Animator.GotoState: State could not be found
 
(Filename:  Line: 1297)

Invalid Layer Index '-1'
 
(Filename:  Line: 866)

Animator.GotoState: State could not be found
 
(Filename:  Line: 1297)

Invalid Layer Index '-1'
 
(Filename:  Line: 866)

Animator.GotoState: State could not be found
 
(Filename:  Line: 1297)

Invalid Layer Index '-1'
 
(Filename:  Line: 866)

Animator.GotoState: State could not be found
 
(Filename:  Line: 1297)

Invalid Layer Index '-1'
 
(Filename:  Line: 866)

Animator.GotoState: State could not be found
 
(Filename:  Line: 1297)

Invalid Layer Index '-1'
 
(Filename:  Line: 866)

Animator.GotoState: State could not be found
 
(Filename:  Line: 1297)

Invalid Layer Index '-1'
 
(Filename:  Line: 866)

Animator.GotoState: State could not be found
 
(Filename:  Line: 1297)

Invalid Layer Index '-1'
 
(Filename:  Line: 866)

Animator.GotoState: State could not be found
 
(Filename:  Line: 1297)

Invalid Layer Index '-1'
 
(Filename:  Line: 866)

Animator.GotoState: State could not be found
 
(Filename:  Line: 1297)

Invalid Layer Index '-1'
 
(Filename:  Line: 866)

Animator.GotoState: State could not be found
 
(Filename:  Line: 1297)

Invalid Layer Index '-1'
 
(Filename:  Line: 866)

Animator.GotoState: State could not be found
 
(Filename:  Line: 1297)

Invalid Layer Index '-1'
 
(Filename:  Line: 866)

Animator.GotoState: State could not be found
 
(Filename:  Line: 1297)

Invalid Layer Index '-1'
 
(Filename:  Line: 866)

Animator.GotoState: State could not be found
 
(Filename:  Line: 1297)

Invalid Layer Index '-1'
 
(Filename:  Line: 866)

Animator.GotoState: State could not be found
 
(Filename:  Line: 1297)

Invalid Layer Index '-1'
 
(Filename:  Line: 866)

Animator.GotoState: State could not be found
 
(Filename:  Line: 1297)

Invalid Layer Index '-1'
 
(Filename:  Line: 866)

Animator.GotoState: State could not be found
 
(Filename:  Line: 1297)

Invalid Layer Index '-1'
 
(Filename:  Line: 866)

Animator.GotoState: State could not be found
 
(Filename:  Line: 1297)

Invalid Layer Index '-1'
 
(Filename:  Line: 866)

Animator.GotoState: State could not be found
 
(Filename:  Line: 1297)

Invalid Layer Index '-1'
 
(Filename:  Line: 866)

Animator.GotoState: State could not be found
 
(Filename:  Line: 1297)

Invalid Layer Index '-1'
 
(Filename:  Line: 866)

Animator.GotoState: State could not be found
 
(Filename:  Line: 1297)

Invalid Layer Index '-1'
 
(Filename:  Line: 866)

Unloading 5 Unused Serialized files (Serialized files now loaded: 3)
UnloadTime: 17.590000 ms

Unloading 2055 unused Assets to reduce memory usage. Loaded Objects now: 40027.
Total: 67.680000 ms (FindLiveObjects: 3.576000 ms CreateObjectMapping: 1.143000 ms MarkObjects: 54.795002 ms  DeleteObjects: 8.165000 ms)

Setting up 4 worker threads for Enlighten.
  Thread -> id: 7ff35ba74640 -> priority: 1 
  Thread -> id: 7ff361718640 -> priority: 1 
  Thread -> id: 7ff359910640 -> priority: 1 
  Thread -> id: 7ff35ab70640 -> priority: 1 
Internal: There are remaining Allocations on the JobTempAlloc. This is a leak, and will impact performance
 
(Filename:  Line: 383)

