Mono path[0] = '/home/chad/.local/share/Steam/steamapps/common/SUPERHOT/SUPERHOT_Data/Managed'
Mono config path = '/home/chad/.local/share/Steam/steamapps/common/SUPERHOT/SUPERHOT_Data/MonoBleedingEdge/etc'
Preloaded 'ScreenSelector.so'
Preloaded 'libCSteamworks.so'
Preloaded 'libsteam_api.so'
Display 0 'MSI G271 27"': 1920x1080 (primary device).
Desktop is 1920 x 1080 @ 144 Hz
Initialize engine version: 2020.3.24f1 (79c78de19888)
[Subsystems] Discovering subsystems at path /home/chad/.local/share/Steam/steamapps/common/SUPERHOT/SUPERHOT_Data/UnitySubsystems
GfxDevice: creating device client; threaded=1
Renderer: Mesa Intel(R) UHD Graphics (CML GT2)
Vendor:   Intel
Version:  4.6 (Core Profile) Mesa 22.1.1
GLES:     0
 GL_3DFX_texture_compression_FXT1 GL_AMD_conservative_depth GL_AMD_depth_clamp_separate GL_AMD_draw_buffers_blend GL_AMD_gpu_shader_int64 GL_AMD_multi_draw_indirect GL_AMD_performance_monitor GL_AMD_pinned_memory GL_AMD_query_buffer_object GL_AMD_seamless_cubemap_per_texture GL_AMD_shader_stencil_export GL_AMD_shader_trinary_minmax GL_AMD_texture_texture4 GL_AMD_vertex_shader_layer GL_AMD_vertex_shader_viewport_index GL_ANGLE_texture_compression_dxt3 GL_ANGLE_texture_compression_dxt5 GL_ARB_ES2_compatibility GL_ARB_ES3_1_compatibility GL_ARB_ES3_2_compatibility GL_ARB_ES3_compatibility GL_ARB_arrays_of_arrays GL_ARB_base_instance GL_ARB_blend_func_extended GL_ARB_buffer_storage GL_ARB_clear_buffer_object GL_ARB_clear_texture GL_ARB_clip_control GL_ARB_compressed_texture_pixel_storage GL_ARB_compute_shader GL_ARB_compute_variable_group_size GL_ARB_conditional_render_inverted GL_ARB_conservative_depth GL_ARB_copy_buffer GL_ARB_copy_image GL_ARB_cull_distance GL_ARB_debug_output GL_ARB_depth_buffer_float GL_ARB
_depth_clamp GL_ARB_derivative_control GL_ARB_direct_state_access GL_ARB_draw_buffers GL_ARB_draw_buffers_blend GL_ARB_draw_elements_base_vertex GL_ARB_draw_indirect GL_ARB_draw_instanced GL_ARB_enhanced_layouts GL_ARB_explicit_attrib_location GL_ARB_explicit_uniform_location GL_ARB_fragment_coord_conventions GL_ARB_fragment_layer_viewport GL_ARB_fragment_shader GL_ARB_fragment_shader_interlock GL_ARB_framebuffer_no_attachments GL_ARB_framebuffer_object GL_ARB_framebuffer_sRGB GL_ARB_get_program_binary GL_ARB_get_texture_sub_image GL_ARB_gl_spirv GL_ARB_gpu_shader5 GL_ARB_gpu_shader_fp64 GL_ARB_gpu_shader_int64 GL_ARB_half_float_pixel GL_ARB_half_float_vertex GL_ARB_indirect_parameters GL_ARB_instanced_arrays GL_ARB_internalformat_query GL_ARB_internalformat_query2 GL_ARB_invalidate_subdata GL_ARB_map_buffer_alignment GL_ARB_map_buffer_range GL_ARB_multi_bind GL_ARB_multi_draw_indirect GL_ARB_occlusion_query2 GL_ARB_parallel_shader_compile GL_ARB_pipeline_statistics_query GL_ARB_pixel_buffer_object GL_ARB_po
int_sprite GL_ARB_polygon_offset_clamp GL_ARB_post_depth_coverage GL_ARB_program_interface_query GL_ARB_provoking_vertex GL_ARB_query_buffer_object GL_ARB_robust_buffer_access_behavior GL_ARB_robustness GL_ARB_sample_shading GL_ARB_sampler_objects GL_ARB_seamless_cube_map GL_ARB_seamless_cubemap_per_texture GL_ARB_separate_shader_objects GL_ARB_shader_atomic_counter_ops GL_ARB_shader_atomic_counters GL_ARB_shader_ballot GL_ARB_shader_bit_encoding GL_ARB_shader_clock GL_ARB_shader_draw_parameters GL_ARB_shader_group_vote GL_ARB_shader_image_load_store GL_ARB_shader_image_size GL_ARB_shader_objects GL_ARB_shader_precision GL_ARB_shader_stencil_export GL_ARB_shader_storage_buffer_object GL_ARB_shader_subroutine GL_ARB_shader_texture_image_samples GL_ARB_shader_texture_lod GL_ARB_shader_viewport_layer_array GL_ARB_shading_language_420pack GL_ARB_shading_language_include GL_ARB_shading_language_packing GL_ARB_spirv_extensions GL_ARB_stencil_texturing GL_ARB_sync GL_ARB_tessellation_shader GL_ARB_texture_barrier G
L_ARB_texture_buffer_object GL_ARB_texture_buffer_object_rgb32 GL_ARB_texture_buffer_range GL_ARB_texture_compression_bptc GL_ARB_texture_compression_rgtc GL_ARB_texture_cube_map_array GL_ARB_texture_filter_anisotropic GL_ARB_texture_float GL_ARB_texture_gather GL_ARB_texture_mirror_clamp_to_edge GL_ARB_texture_multisample GL_ARB_texture_non_power_of_two GL_ARB_texture_query_levels GL_ARB_texture_query_lod GL_ARB_texture_rectangle GL_ARB_texture_rg GL_ARB_texture_rgb10_a2ui GL_ARB_texture_stencil8 GL_ARB_texture_storage GL_ARB_texture_storage_multisample GL_ARB_texture_swizzle GL_ARB_texture_view GL_ARB_timer_query GL_ARB_transform_feedback2 GL_ARB_transform_feedback3 GL_ARB_transform_feedback_instanced GL_ARB_transform_feedback_overflow_query GL_ARB_uniform_buffer_object GL_ARB_vertex_array_bgra GL_ARB_vertex_array_object GL_ARB_vertex_attrib_64bit GL_ARB_vertex_attrib_binding GL_ARB_vertex_buffer_object GL_ARB_vertex_shader GL_ARB_vertex_type_10f_11f_11f_rev GL_ARB_vertex_type_2_10_10_10_rev GL_ARB_viewpor
t_array GL_ATI_blend_equation_separate GL_ATI_texture_float GL_EXT_EGL_image_storage GL_EXT_EGL_sync GL_EXT_abgr GL_EXT_blend_equation_separate GL_EXT_demote_to_helper_invocation GL_EXT_draw_buffers2 GL_EXT_draw_instanced GL_EXT_framebuffer_blit GL_EXT_framebuffer_multisample GL_EXT_framebuffer_multisample_blit_scaled GL_EXT_framebuffer_object GL_EXT_framebuffer_sRGB GL_EXT_memory_object GL_EXT_memory_object_fd GL_EXT_packed_depth_stencil GL_EXT_packed_float GL_EXT_pixel_buffer_object GL_EXT_polygon_offset_clamp GL_EXT_provoking_vertex GL_EXT_semaphore GL_EXT_semaphore_fd GL_EXT_shader_framebuffer_fetch GL_EXT_shader_framebuffer_fetch_non_coherent GL_EXT_shader_integer_mix GL_EXT_shader_samples_identical GL_EXT_texture_array GL_EXT_texture_compression_dxt1 GL_EXT_texture_compression_rgtc GL_EXT_texture_compression_s3tc GL_EXT_texture_filter_anisotropic GL_EXT_texture_integer GL_EXT_texture_sRGB GL_EXT_texture_sRGB_R8 GL_EXT_texture_sRGB_decode GL_EXT_texture_shadow_lod GL_EXT_texture_shared_exponent GL_EXT_t
exture_snorm GL_EXT_texture_swizzle GL_EXT_timer_query GL_EXT_transform_feedback GL_EXT_vertex_array_bgra GL_EXT_vertex_attrib_64bit GL_IBM_multimode_draw_arrays GL_INTEL_blackhole_render GL_INTEL_conservative_rasterization GL_INTEL_performance_query GL_INTEL_shader_atomic_float_minmax GL_INTEL_shader_integer_functions2 GL_KHR_blend_equation_advanced GL_KHR_blend_equation_advanced_coherent GL_KHR_context_flush_control GL_KHR_debug GL_KHR_no_error GL_KHR_parallel_shader_compile GL_KHR_robust_buffer_access_behavior GL_KHR_robustness GL_KHR_texture_compression_astc_ldr GL_KHR_texture_compression_astc_sliced_3d GL_MESA_framebuffer_flip_y GL_MESA_pack_invert GL_MESA_shader_integer_functions GL_MESA_texture_signed_rgba GL_NV_compute_shader_derivatives GL_NV_conditional_render GL_NV_copy_image GL_NV_depth_clamp GL_NV_fragment_shader_interlock GL_NV_packed_depth_stencil GL_NV_texture_barrier GL_OES_EGL_image GL_S3_s3tc
OPENGL LOG: Creating OpenGL 4.6 graphics device ; Context level  <OpenGL 4.5> ; Context handle 25501824
Begin MonoManager ReloadAssembly
- Completed reload, in  0.052 seconds
OnLevelWasLoaded was found on LevelSetup
This message has been deprecated and will be removed in a later version of Unity.
Add a delegate to SceneManager.sceneLoaded instead to get notifications after scene loading has completed
Default vsync count 1
requesting resize 1920 x 1080
Using native desktop resolution 1920 x 1080
requesting fullscreen 1920 x 1080 at 0 Hz
Desktop is 1920 x 1080 @ 144 Hz
UnloadTime: 0.486295 ms
Setting breakpad minidump AppID = 322500
Steam_SetMinidumpSteamID:  Caching Steam ID:  76561198396788215 [API loaded no]
Backup creation result: Successful
0:3(12): error: extension `GL_OVR_multiview2' unsupported in vertex shader

Note: Creation of internal variant of shader 'Hidden/InternalClear' failed.
0:3(12): error: extension `GL_OVR_multiview2' unsupported in vertex shader

Note: Creation of internal variant of shader 'Hidden/InternalClear' failed.
0:3(12): error: extension `GL_OVR_multiview2' unsupported in vertex shader

Note: Creation of internal variant of shader 'Hidden/InternalClear' failed.
0:3(12): error: extension `GL_OVR_multiview2' unsupported in vertex shader

Note: Creation of internal variant of shader 'Hidden/InternalClear' failed.
0:3(12): error: extension `GL_OVR_multiview2' unsupported in vertex shader

Note: Creation of internal variant of shader 'Hidden/InternalClear' failed.
0:3(12): error: extension `GL_OVR_multiview2' unsupported in vertex shader

Note: Creation of internal variant of shader 'Hidden/InternalClear' failed.
0:3(12): error: extension `GL_OVR_multiview2' unsupported in vertex shader

Note: Creation of internal variant of shader 'Hidden/InternalClear' failed.
0:3(12): error: extension `GL_OVR_multiview2' unsupported in vertex shader

Note: Creation of internal variant of shader 'Hidden/InternalClear' failed.
0:3(12): error: extension `GL_OVR_multiview2' unsupported in vertex shader

Note: Creation of internal variant of shader 'GUI/Text Shader' failed.
0:3(12): error: extension `GL_OVR_multiview2' unsupported in vertex shader

Note: Creation of internal variant of shader 'Hidden/InternalErrorShader' failed.
Shader warmup: 7 shaders 53 combinations 0.011s
https://killstagram.azurewebsites.net/api/Uploader/omega-chad07b84a9f5c184f1bad2f7a60df3420ca
Starting WebRequest for acquiring KillstagramId
Achievement System initialization result: OK, User stats init result: OK
The referenced script (SHRLDebugWindow) on this Behaviour is missing!
The referenced script (DebugWindowDisplay) on this Behaviour is missing!
The referenced script on this Behaviour (Game Object 'BaseSystems(Clone)') is missing!
The referenced script on this Behaviour (Game Object 'BaseSystems(Clone)') is missing!
The referenced script on this Behaviour (Game Object 'prober') is missing!
The referenced script on this Behaviour (Game Object 'AchivManager') is missing!
The referenced script on this Behaviour (Game Object 'AchivManager') is missing!
Unloading 6 Unused Serialized files (Serialized files now loaded: 0)
Setting up 4 worker threads for Enlighten.
  Thread -> id: 7f54fc916640 -> priority: 1 
  Thread -> id: 7f5475986640 -> priority: 1 
  Thread -> id: 7f5475185640 -> priority: 1 
  Thread -> id: 7f5474984640 -> priority: 1 
UnloadTime: 1.410627 ms
Shader warmup: 59 shaders 309 combinations 0.107s
WebRequest resolved
Acquired Killstagram ID DeepBriefCharcoalEland with claim token 87a0f3b851964c178adf4a14a19c23ee

Unloading 25 unused Assets to reduce memory usage. Loaded Objects now: 3877.
Total: 9.320072 ms (FindLiveObjects: 0.295540 ms CreateObjectMapping: 0.269633 ms MarkObjects: 8.548006 ms  DeleteObjects: 0.205939 ms)

The referenced script on this Behaviour (Game Object 'LevelFlowControl') is missing!
Unloading 5 Unused Serialized files (Serialized files now loaded: 0)
UnloadTime: 0.533863 ms

Unloading 8 unused Assets to reduce memory usage. Loaded Objects now: 20372.
Total: 10.498029 ms (FindLiveObjects: 0.625426 ms CreateObjectMapping: 0.334117 ms MarkObjects: 9.493022 ms  DeleteObjects: 0.045080 ms)

Shader warmup: 91 shaders 1378 combinations 0.441s
The referenced script (SHRLDebugWindow) on this Behaviour is missing!
The referenced script (DebugWindowDisplay) on this Behaviour is missing!
The referenced script on this Behaviour (Game Object 'BaseSystems(Clone)') is missing!
The referenced script on this Behaviour (Game Object 'BaseSystems(Clone)') is missing!
The referenced script on this Behaviour (Game Object 'prober') is missing!
The referenced script on this Behaviour (Game Object 'AchivManager') is missing!
The referenced script on this Behaviour (Game Object 'AchivManager') is missing!
Unloading 5 Unused Serialized files (Serialized files now loaded: 0)
UnloadTime: 29.858044 ms

Unloading 1466 unused Assets to reduce memory usage. Loaded Objects now: 6490.
Total: 23.873488 ms (FindLiveObjects: 0.278891 ms CreateObjectMapping: 1.199341 ms MarkObjects: 13.304793 ms  DeleteObjects: 9.088834 ms)

Shader warmup: 93 shaders 1395 combinations 0.076s
Unloading 3 Unused Serialized files (Serialized files now loaded: 0)
UnloadTime: 0.747142 ms
Backup creation result: Successful
Shader warmup: 93 shaders 1395 combinations 0.002s

Unloading 18 unused Assets to reduce memory usage. Loaded Objects now: 6179.
Total: 7.663863 ms (FindLiveObjects: 0.421675 ms CreateObjectMapping: 0.332017 ms MarkObjects: 6.825384 ms  DeleteObjects: 0.084371 ms)

The referenced script (SHRLDebugWindow) on this Behaviour is missing!
The referenced script (DebugWindowDisplay) on this Behaviour is missing!
The referenced script on this Behaviour (Game Object 'BaseSystems(Clone)') is missing!
The referenced script on this Behaviour (Game Object 'BaseSystems(Clone)') is missing!
The referenced script on this Behaviour (Game Object 'prober') is missing!
The referenced script on this Behaviour (Game Object 'AchivManager') is missing!
The referenced script on this Behaviour (Game Object 'AchivManager') is missing!
Unloading 5 Unused Serialized files (Serialized files now loaded: 0)
UnloadTime: 0.200353 ms
Shader warmup: 93 shaders 1395 combinations 0.004s

Unloading 22 unused Assets to reduce memory usage. Loaded Objects now: 6544.
Total: 10.539222 ms (FindLiveObjects: 0.298481 ms CreateObjectMapping: 0.234410 ms MarkObjects: 9.761547 ms  DeleteObjects: 0.244413 ms)

Achievement System initialization result: OK, User stats init result: OK
The referenced script on this Behaviour (Game Object 'LevelFlowControl') is missing!
Unloading 5 Unused Serialized files (Serialized files now loaded: 0)
UnloadTime: 0.559784 ms

Unloading 14 unused Assets to reduce memory usage. Loaded Objects now: 20529.
Total: 10.815125 ms (FindLiveObjects: 0.688597 ms CreateObjectMapping: 0.352916 ms MarkObjects: 9.698803 ms  DeleteObjects: 0.074428 ms)

Shader warmup: 93 shaders 1395 combinations 0.002s
The referenced script (SHRLDebugWindow) on this Behaviour is missing!
The referenced script (DebugWindowDisplay) on this Behaviour is missing!
The referenced script on this Behaviour (Game Object 'BaseSystems(Clone)') is missing!
The referenced script on this Behaviour (Game Object 'BaseSystems(Clone)') is missing!
The referenced script on this Behaviour (Game Object 'prober') is missing!
The referenced script on this Behaviour (Game Object 'AchivManager') is missing!
The referenced script on this Behaviour (Game Object 'AchivManager') is missing!
Unloading 5 Unused Serialized files (Serialized files now loaded: 0)
UnloadTime: 18.290761 ms

Unloading 1466 unused Assets to reduce memory usage. Loaded Objects now: 6794.
Total: 25.610506 ms (FindLiveObjects: 0.268539 ms CreateObjectMapping: 0.256029 ms MarkObjects: 20.695931 ms  DeleteObjects: 4.373011 ms)

Shader warmup: 94 shaders 1396 combinations 0.004s
The referenced script on this Behaviour (Game Object 'LevelFlowControl') is missing!
Unloading 6 Unused Serialized files (Serialized files now loaded: 0)
UnloadTime: 0.407930 ms

Unloading 23 unused Assets to reduce memory usage. Loaded Objects now: 14581.
Total: 8.809763 ms (FindLiveObjects: 0.498162 ms CreateObjectMapping: 0.278657 ms MarkObjects: 7.976522 ms  DeleteObjects: 0.056024 ms)

Shader warmup: 95 shaders 1421 combinations 0.174s
The referenced script on this Behaviour (Game Object 'LevelFlowControl') is missing!
Unloading 6 Unused Serialized files (Serialized files now loaded: 0)
UnloadTime: 19.845018 ms

Unloading 49 unused Assets to reduce memory usage. Loaded Objects now: 14700.
Total: 12.154510 ms (FindLiveObjects: 0.806121 ms CreateObjectMapping: 0.615948 ms MarkObjects: 10.422025 ms  DeleteObjects: 0.309949 ms)

Shader warmup: 95 shaders 1421 combinations 0.002s
The referenced script on this Behaviour (Game Object 'LevelFlowControl') is missing!
Unloading 6 Unused Serialized files (Serialized files now loaded: 0)
UnloadTime: 18.852950 ms

Unloading 48 unused Assets to reduce memory usage. Loaded Objects now: 14831.
Total: 16.614394 ms (FindLiveObjects: 3.206992 ms CreateObjectMapping: 0.998454 ms MarkObjects: 12.144437 ms  DeleteObjects: 0.262714 ms)

Shader warmup: 95 shaders 1421 combinations 0.002s
The referenced script (SHRLDebugWindow) on this Behaviour is missing!
The referenced script (DebugWindowDisplay) on this Behaviour is missing!
The referenced script on this Behaviour (Game Object 'BaseSystems(Clone)') is missing!
The referenced script on this Behaviour (Game Object 'BaseSystems(Clone)') is missing!
The referenced script on this Behaviour (Game Object 'prober') is missing!
The referenced script on this Behaviour (Game Object 'AchivManager') is missing!
The referenced script on this Behaviour (Game Object 'AchivManager') is missing!
Unloading 5 Unused Serialized files (Serialized files now loaded: 0)
UnloadTime: 20.443571 ms

Unloading 1579 unused Assets to reduce memory usage. Loaded Objects now: 7148.
Total: 23.214276 ms (FindLiveObjects: 0.307223 ms CreateObjectMapping: 0.225670 ms MarkObjects: 15.550526 ms  DeleteObjects: 7.129896 ms)

Shader warmup: 95 shaders 1421 combinations 0.003s
The referenced script on this Behaviour (Game Object 'LevelFlowControl') is missing!
Unloading 6 Unused Serialized files (Serialized files now loaded: 0)
UnloadTime: 0.410064 ms

Unloading 20 unused Assets to reduce memory usage. Loaded Objects now: 16234.
Total: 9.250380 ms (FindLiveObjects: 0.542875 ms CreateObjectMapping: 0.331199 ms MarkObjects: 8.320695 ms  DeleteObjects: 0.055193 ms)

Shader warmup: 95 shaders 1421 combinations 0.002s
The referenced script (SHRLDebugWindow) on this Behaviour is missing!
The referenced script (DebugWindowDisplay) on this Behaviour is missing!
The referenced script on this Behaviour (Game Object 'BaseSystems(Clone)') is missing!
The referenced script on this Behaviour (Game Object 'BaseSystems(Clone)') is missing!
The referenced script on this Behaviour (Game Object 'prober') is missing!
The referenced script on this Behaviour (Game Object 'AchivManager') is missing!
The referenced script on this Behaviour (Game Object 'AchivManager') is missing!
Unloading 5 Unused Serialized files (Serialized files now loaded: 0)
UnloadTime: 17.486380 ms

Unloading 1442 unused Assets to reduce memory usage. Loaded Objects now: 7229.
Total: 28.476001 ms (FindLiveObjects: 1.358779 ms CreateObjectMapping: 1.425554 ms MarkObjects: 17.262920 ms  DeleteObjects: 8.427194 ms)

Shader warmup: 95 shaders 1421 combinations 0.002s
ERROR: ld.so: object '/home/chad/.local/share/Steam/ubuntu12_32/gameoverlayrenderer.so' from LD_PRELOAD cannot be preloaded (wrong ELF class: ELFCLASS32): ignored.
pid 19321 != 19320, skipping destruction (fork without exec?)
pid 19327 != 19320, skipping destruction (fork without exec?)
ERROR: ld.so: object '/home/chad/.local/share/Steam/ubuntu12_32/gameoverlayrenderer.so' from LD_PRELOAD cannot be preloaded (wrong ELF class: ELFCLASS32): ignored.
pid 19329 != 19320, skipping destruction (fork without exec?)
pid 19331 != 19320, skipping destruction (fork without exec?)
ERROR: ld.so: object '/home/chad/.local/share/Steam/ubuntu12_32/gameoverlayrenderer.so' from LD_PRELOAD cannot be preloaded (wrong ELF class: ELFCLASS32): ignored.
pid 19333 != 19320, skipping destruction (fork without exec?)
ERROR: ld.so: object '/home/chad/.local/share/Steam/ubuntu12_32/gameoverlayrenderer.so' from LD_PRELOAD cannot be preloaded (wrong ELF class: ELFCLASS32): ignored.
ERROR: ld.so: object '/home/chad/.local/share/Steam/ubuntu12_32/gameoverlayrenderer.so' from LD_PRELOAD cannot be preloaded (wrong ELF class: ELFCLASS32): ignored.
pid 19336 != 19320, skipping destruction (fork without exec?)
ERROR: ld.so: object '/home/chad/.local/share/Steam/ubuntu12_32/gameoverlayrenderer.so' from LD_PRELOAD cannot be preloaded (wrong ELF class: ELFCLASS32): ignored.
pid 19335 != 19320, skipping destruction (fork without exec?)
ERROR: ld.so: object '/home/chad/.local/share/Steam/ubuntu12_32/gameoverlayrenderer.so' from LD_PRELOAD cannot be preloaded (wrong ELF class: ELFCLASS32): ignored.
pid 19339 != 19338, skipping destruction (fork without exec?)
pid 19345 != 19338, skipping destruction (fork without exec?)
ERROR: ld.so: object '/home/chad/.local/share/Steam/ubuntu12_32/gameoverlayrenderer.so' from LD_PRELOAD cannot be preloaded (wrong ELF class: ELFCLASS32): ignored.
pid 19347 != 19338, skipping destruction (fork without exec?)
pid 19350 != 19338, skipping destruction (fork without exec?)
ERROR: ld.so: object '/home/chad/.local/share/Steam/ubuntu12_32/gameoverlayrenderer.so' from LD_PRELOAD cannot be preloaded (wrong ELF class: ELFCLASS32): ignored.
pid 19349 != 19338, skipping destruction (fork without exec?)
ERROR: ld.so: object '/home/chad/.local/share/Steam/ubuntu12_32/gameoverlayrenderer.so' from LD_PRELOAD cannot be preloaded (wrong ELF class: ELFCLASS32): ignored.
ERROR: ld.so: object '/home/chad/.local/share/Steam/ubuntu12_32/gameoverlayrenderer.so' from LD_PRELOAD cannot be preloaded (wrong ELF class: ELFCLASS32): ignored.
ERROR: ld.so: object '/home/chad/.local/share/Steam/ubuntu12_32/gameoverlayrenderer.so' from LD_PRELOAD cannot be preloaded (wrong ELF class: ELFCLASS32): ignored.
pid 19352 != 19338, skipping destruction (fork without exec?)
ERROR: ld.so: object '/home/chad/.local/share/Steam/ubuntu12_32/gameoverlayrenderer.so' from LD_PRELOAD cannot be preloaded (wrong ELF class: ELFCLASS32): ignored.
ERROR: ld.so: object '/home/chad/.local/share/Steam/ubuntu12_32/gameoverlayrenderer.so' from LD_PRELOAD cannot be preloaded (wrong ELF class: ELFCLASS32): ignored.
ERROR: ld.so: object '/home/chad/.local/share/Steam/ubuntu12_32/gameoverlayrenderer.so' from LD_PRELOAD cannot be preloaded (wrong ELF class: ELFCLASS32): ignored.
pid 19357 != 19338, skipping destruction (fork without exec?)
ERROR: ld.so: object '/home/chad/.local/share/Steam/ubuntu12_32/gameoverlayrenderer.so' from LD_PRELOAD cannot be preloaded (wrong ELF class: ELFCLASS32): ignored.
ERROR: ld.so: object '/home/chad/.local/share/Steam/ubuntu12_32/gameoverlayrenderer.so' from LD_PRELOAD cannot be preloaded (wrong ELF class: ELFCLASS32): ignored.
ERROR: ld.so: object '/home/chad/.local/share/Steam/ubuntu12_32/gameoverlayrenderer.so' from LD_PRELOAD cannot be preloaded (wrong ELF class: ELFCLASS32): ignored.
pid 19362 != 19338, skipping destruction (fork without exec?)
ERROR: ld.so: object '/home/chad/.local/share/Steam/ubuntu12_32/gameoverlayrenderer.so' from LD_PRELOAD cannot be preloaded (wrong ELF class: ELFCLASS32): ignored.
ERROR: ld.so: object '/home/chad/.local/share/Steam/ubuntu12_32/gameoverlayrenderer.so' from LD_PRELOAD cannot be preloaded (wrong ELF class: ELFCLASS32): ignored.
ERROR: ld.so: object '/home/chad/.local/share/Steam/ubuntu12_32/gameoverlayrenderer.so' from LD_PRELOAD cannot be preloaded (wrong ELF class: ELFCLASS32): ignored.
pid 19367 != 19338, skipping destruction (fork without exec?)
ERROR: ld.so: object '/home/chad/.local/share/Steam/ubuntu12_32/gameoverlayrenderer.so' from LD_PRELOAD cannot be preloaded (wrong ELF class: ELFCLASS32): ignored.
ERROR: ld.so: object '/home/chad/.local/share/Steam/ubuntu12_32/gameoverlayrenderer.so' from LD_PRELOAD cannot be preloaded (wrong ELF class: ELFCLASS32): ignored.
ERROR: ld.so: object '/home/chad/.local/share/Steam/ubuntu12_32/gameoverlayrenderer.so' from LD_PRELOAD cannot be preloaded (wrong ELF class: ELFCLASS32): ignored.
pid 19372 != 19338, skipping destruction (fork without exec?)
pid 19378 != 19320, skipping destruction (fork without exec?)
ERROR: ld.so: object '/home/chad/.local/share/Steam/ubuntu12_32/gameoverlayrenderer.so' from LD_PRELOAD cannot be preloaded (wrong ELF class: ELFCLASS32): ignored.
pid 19377 != 19320, skipping destruction (fork without exec?)
pid 19381 != 19320, skipping destruction (fork without exec?)
ERROR: ld.so: object '/home/chad/.local/share/Steam/ubuntu12_32/gameoverlayrenderer.so' from LD_PRELOAD cannot be preloaded (wrong ELF class: ELFCLASS32): ignored.
pid 19380 != 19320, skipping destruction (fork without exec?)
pid 19384 != 19320, skipping destruction (fork without exec?)
ERROR: ld.so: object '/home/chad/.local/share/Steam/ubuntu12_32/gameoverlayrenderer.so' from LD_PRELOAD cannot be preloaded (wrong ELF class: ELFCLASS32): ignored.
pid 19383 != 19320, skipping destruction (fork without exec?)
pid 19389 != 19320, skipping destruction (fork without exec?)
ERROR: ld.so: object '/home/chad/.local/share/Steam/ubuntu12_32/gameoverlayrenderer.so' from LD_PRELOAD cannot be preloaded (wrong ELF class: ELFCLASS32): ignored.
pid 19388 != 19320, skipping destruction (fork without exec?)
pid 19387 != 19320, skipping destruction (fork without exec?)
pid 19386 != 19320, skipping destruction (fork without exec?)
pid 19391 != 19320, skipping destruction (fork without exec?)
pid 19394 != 19320, skipping destruction (fork without exec?)
ERROR: ld.so: object '/home/chad/.local/share/Steam/ubuntu12_32/gameoverlayrenderer.so' from LD_PRELOAD cannot be preloaded (wrong ELF class: ELFCLASS32): ignored.
pid 19393 != 19320, skipping destruction (fork without exec?)
pid 19397 != 19320, skipping destruction (fork without exec?)
ERROR: ld.so: object '/home/chad/.local/share/Steam/ubuntu12_32/gameoverlayrenderer.so' from LD_PRELOAD cannot be preloaded (wrong ELF class: ELFCLASS32): ignored.
pid 19396 != 19320, skipping destruction (fork without exec?)
pid 19412 != 19320, skipping destruction (fork without exec?)
ERROR: ld.so: object '/home/chad/.local/share/Steam/ubuntu12_32/gameoverlayrenderer.so' from LD_PRELOAD cannot be preloaded (wrong ELF class: ELFCLASS32): ignored.
pid 19411 != 19320, skipping destruction (fork without exec?)
pid 19410 != 19320, skipping destruction (fork without exec?)
pid 19409 != 19320, skipping destruction (fork without exec?)
ERROR: ld.so: object '/home/chad/.local/share/Steam/ubuntu12_32/gameoverlayrenderer.so' from LD_PRELOAD cannot be preloaded (wrong ELF class: ELFCLASS32): ignored.
ERROR: ld.so: object '/home/chad/.local/share/Steam/ubuntu12_32/gameoverlayrenderer.so' from LD_PRELOAD cannot be preloaded (wrong ELF class: ELFCLASS32): ignored.
ERROR: ld.so: object '/home/chad/.local/share/Steam/ubuntu12_32/gameoverlayrenderer.so' from LD_PRELOAD cannot be preloaded (wrong ELF class: ELFCLASS32): ignored.
ERROR: ld.so: object '/home/chad/.local/share/Steam/ubuntu12_32/gameoverlayrenderer.so' from LD_PRELOAD cannot be preloaded (wrong ELF class: ELFCLASS32): ignored.
pid 19466 != 19446, skipping destruction (fork without exec?)
pid 19473 != 19446, skipping destruction (fork without exec?)
ERROR: ld.so: object '/home/chad/.local/share/Steam/ubuntu12_32/gameoverlayrenderer.so' from LD_PRELOAD cannot be preloaded (wrong ELF class: ELFCLASS32): ignored.
pid 19472 != 19446, skipping destruction (fork without exec?)
pid 19475 != 19446, skipping destruction (fork without exec?)
pid 19479 != 19446, skipping destruction (fork without exec?)
ERROR: ld.so: object '/home/chad/.local/share/Steam/ubuntu12_32/gameoverlayrenderer.so' from LD_PRELOAD cannot be preloaded (wrong ELF class: ELFCLASS32): ignored.
pid 19478 != 19446, skipping destruction (fork without exec?)
pid 19482 != 19446, skipping destruction (fork without exec?)
ERROR: ld.so: object '/home/chad/.local/share/Steam/ubuntu12_32/gameoverlayrenderer.so' from LD_PRELOAD cannot be preloaded (wrong ELF class: ELFCLASS32): ignored.
pid 19481 != 19446, skipping destruction (fork without exec?)
pid 19485 != 19446, skipping destruction (fork without exec?)
ERROR: ld.so: object '/home/chad/.local/share/Steam/ubuntu12_32/gameoverlayrenderer.so' from LD_PRELOAD cannot be preloaded (wrong ELF class: ELFCLASS32): ignored.
pid 19484 != 19446, skipping destruction (fork without exec?)
ATTENTION: default value of option mesa_glthread overridden by environment.
*** MESA_GLSL_CACHE_DIR is deprecated; use MESA_SHADER_CACHE_DIR instead ***
*** MESA_GLSL_CACHE_MAX_SIZE is deprecated; use MESA_SHADER_CACHE_MAX_SIZE instead ***
ATTENTION: default value of option mesa_glthread overridden by environment.
*** MESA_GLSL_CACHE_DIR is deprecated; use MESA_SHADER_CACHE_DIR instead ***
*** MESA_GLSL_CACHE_MAX_SIZE is deprecated; use MESA_SHADER_CACHE_MAX_SIZE instead ***
ATTENTION: default value of option mesa_glthread overridden by environment.
*** MESA_GLSL_CACHE_DIR is deprecated; use MESA_SHADER_CACHE_DIR instead ***
*** MESA_GLSL_CACHE_MAX_SIZE is deprecated; use MESA_SHADER_CACHE_MAX_SIZE instead ***
ATTENTION: default value of option mesa_glthread overridden by environment.
*** MESA_GLSL_CACHE_DIR is deprecated; use MESA_SHADER_CACHE_DIR instead ***
*** MESA_GLSL_CACHE_MAX_SIZE is deprecated; use MESA_SHADER_CACHE_MAX_SIZE instead ***
ERROR: ld.so: object '/home/chad/.local/share/Steam/ubuntu12_32/gameoverlayrenderer.so' from LD_PRELOAD cannot be preloaded (wrong ELF class: ELFCLASS32): ignored.
ERROR: ld.so: object '/home/chad/.local/share/Steam/ubuntu12_32/gameoverlayrenderer.so' from LD_PRELOAD cannot be preloaded (wrong ELF class: ELFCLASS32): ignored.
ERROR: ld.so: object '/home/chad/.local/share/Steam/ubuntu12_32/gameoverlayrenderer.so' from LD_PRELOAD cannot be preloaded (wrong ELF class: ELFCLASS32): ignored.
ERROR: ld.so: object '/home/chad/.local/share/Steam/ubuntu12_32/gameoverlayrenderer.so' from LD_PRELOAD cannot be preloaded (wrong ELF class: ELFCLASS32): ignored.
Missing chrome or resource URL: resource://gre/modules/UpdateListener.jsm
ERROR: ld.so: object '/home/chad/.local/share/Steam/ubuntu12_32/gameoverlayrenderer.so' from LD_PRELOAD cannot be preloaded (wrong ELF class: ELFCLASS32): ignored.
ERROR: ld.so: object '/home/chad/.local/share/Steam/ubuntu12_32/gameoverlayrenderer.so' from LD_PRELOAD cannot be preloaded (wrong ELF class: ELFCLASS32): ignored.

###!!! [Parent][PImageBridgeParent] Error: RunMessage(msgname=PImageBridge::Msg_WillClose) Channel closing: too late to send/recv, messages will be lost

Curl error 42: Callback aborted
