Mono path[0] = '/home/chad/.local/share/Steam/steamapps/common/SUPERHOT/SUPERHOT_Data/Managed'
Mono config path = '/home/chad/.local/share/Steam/steamapps/common/SUPERHOT/SUPERHOT_Data/MonoBleedingEdge/etc'
Preloaded 'ScreenSelector.so'
Preloaded 'libCSteamworks.so'
Preloaded 'libsteam_api.so'
Display 0 'MSI G271 27"': 1920x1080 (primary device).
Desktop is 1920 x 1080 @ 144 Hz
Initialize engine version: 2020.3.24f1 (79c78de19888)
[Subsystems] Discovering subsystems at path /home/chad/.local/share/Steam/steamapps/common/SUPERHOT/SUPERHOT_Data/UnitySubsystems
GfxDevice: creating device client; threaded=1
Renderer: Mesa Intel(R) UHD Graphics (CML GT2)
Vendor:   Intel
Version:  4.6 (Core Profile) Mesa 22.1.1
GLES:     0
 GL_3DFX_texture_compression_FXT1 GL_AMD_conservative_depth GL_AMD_depth_clamp_separate GL_AMD_draw_buffers_blend GL_AMD_gpu_shader_int64 GL_AMD_multi_draw_indirect GL_AMD_performance_monitor GL_AMD_pinned_memory GL_AMD_query_buffer_object GL_AMD_seamless_cubemap_per_texture GL_AMD_shader_stencil_export GL_AMD_shader_trinary_minmax GL_AMD_texture_texture4 GL_AMD_vertex_shader_layer GL_AMD_vertex_shader_viewport_index GL_ANGLE_texture_compression_dxt3 GL_ANGLE_texture_compression_dxt5 GL_ARB_ES2_compatibility GL_ARB_ES3_1_compatibility GL_ARB_ES3_2_compatibility GL_ARB_ES3_compatibility GL_ARB_arrays_of_arrays GL_ARB_base_instance GL_ARB_blend_func_extended GL_ARB_buffer_storage GL_ARB_clear_buffer_object GL_ARB_clear_texture GL_ARB_clip_control GL_ARB_compressed_texture_pixel_storage GL_ARB_compute_shader GL_ARB_compute_variable_group_size GL_ARB_conditional_render_inverted GL_ARB_conservative_depth GL_ARB_copy_buffer GL_ARB_copy_image GL_ARB_cull_distance GL_ARB_debug_output GL_ARB_depth_buffer_float GL_ARB
_depth_clamp GL_ARB_derivative_control GL_ARB_direct_state_access GL_ARB_draw_buffers GL_ARB_draw_buffers_blend GL_ARB_draw_elements_base_vertex GL_ARB_draw_indirect GL_ARB_draw_instanced GL_ARB_enhanced_layouts GL_ARB_explicit_attrib_location GL_ARB_explicit_uniform_location GL_ARB_fragment_coord_conventions GL_ARB_fragment_layer_viewport GL_ARB_fragment_shader GL_ARB_fragment_shader_interlock GL_ARB_framebuffer_no_attachments GL_ARB_framebuffer_object GL_ARB_framebuffer_sRGB GL_ARB_get_program_binary GL_ARB_get_texture_sub_image GL_ARB_gl_spirv GL_ARB_gpu_shader5 GL_ARB_gpu_shader_fp64 GL_ARB_gpu_shader_int64 GL_ARB_half_float_pixel GL_ARB_half_float_vertex GL_ARB_indirect_parameters GL_ARB_instanced_arrays GL_ARB_internalformat_query GL_ARB_internalformat_query2 GL_ARB_invalidate_subdata GL_ARB_map_buffer_alignment GL_ARB_map_buffer_range GL_ARB_multi_bind GL_ARB_multi_draw_indirect GL_ARB_occlusion_query2 GL_ARB_parallel_shader_compile GL_ARB_pipeline_statistics_query GL_ARB_pixel_buffer_object GL_ARB_po
int_sprite GL_ARB_polygon_offset_clamp GL_ARB_post_depth_coverage GL_ARB_program_interface_query GL_ARB_provoking_vertex GL_ARB_query_buffer_object GL_ARB_robust_buffer_access_behavior GL_ARB_robustness GL_ARB_sample_shading GL_ARB_sampler_objects GL_ARB_seamless_cube_map GL_ARB_seamless_cubemap_per_texture GL_ARB_separate_shader_objects GL_ARB_shader_atomic_counter_ops GL_ARB_shader_atomic_counters GL_ARB_shader_ballot GL_ARB_shader_bit_encoding GL_ARB_shader_clock GL_ARB_shader_draw_parameters GL_ARB_shader_group_vote GL_ARB_shader_image_load_store GL_ARB_shader_image_size GL_ARB_shader_objects GL_ARB_shader_precision GL_ARB_shader_stencil_export GL_ARB_shader_storage_buffer_object GL_ARB_shader_subroutine GL_ARB_shader_texture_image_samples GL_ARB_shader_texture_lod GL_ARB_shader_viewport_layer_array GL_ARB_shading_language_420pack GL_ARB_shading_language_include GL_ARB_shading_language_packing GL_ARB_spirv_extensions GL_ARB_stencil_texturing GL_ARB_sync GL_ARB_tessellation_shader GL_ARB_texture_barrier G
L_ARB_texture_buffer_object GL_ARB_texture_buffer_object_rgb32 GL_ARB_texture_buffer_range GL_ARB_texture_compression_bptc GL_ARB_texture_compression_rgtc GL_ARB_texture_cube_map_array GL_ARB_texture_filter_anisotropic GL_ARB_texture_float GL_ARB_texture_gather GL_ARB_texture_mirror_clamp_to_edge GL_ARB_texture_multisample GL_ARB_texture_non_power_of_two GL_ARB_texture_query_levels GL_ARB_texture_query_lod GL_ARB_texture_rectangle GL_ARB_texture_rg GL_ARB_texture_rgb10_a2ui GL_ARB_texture_stencil8 GL_ARB_texture_storage GL_ARB_texture_storage_multisample GL_ARB_texture_swizzle GL_ARB_texture_view GL_ARB_timer_query GL_ARB_transform_feedback2 GL_ARB_transform_feedback3 GL_ARB_transform_feedback_instanced GL_ARB_transform_feedback_overflow_query GL_ARB_uniform_buffer_object GL_ARB_vertex_array_bgra GL_ARB_vertex_array_object GL_ARB_vertex_attrib_64bit GL_ARB_vertex_attrib_binding GL_ARB_vertex_buffer_object GL_ARB_vertex_shader GL_ARB_vertex_type_10f_11f_11f_rev GL_ARB_vertex_type_2_10_10_10_rev GL_ARB_viewpor
t_array GL_ATI_blend_equation_separate GL_ATI_texture_float GL_EXT_EGL_image_storage GL_EXT_EGL_sync GL_EXT_abgr GL_EXT_blend_equation_separate GL_EXT_demote_to_helper_invocation GL_EXT_draw_buffers2 GL_EXT_draw_instanced GL_EXT_framebuffer_blit GL_EXT_framebuffer_multisample GL_EXT_framebuffer_multisample_blit_scaled GL_EXT_framebuffer_object GL_EXT_framebuffer_sRGB GL_EXT_memory_object GL_EXT_memory_object_fd GL_EXT_packed_depth_stencil GL_EXT_packed_float GL_EXT_pixel_buffer_object GL_EXT_polygon_offset_clamp GL_EXT_provoking_vertex GL_EXT_semaphore GL_EXT_semaphore_fd GL_EXT_shader_framebuffer_fetch GL_EXT_shader_framebuffer_fetch_non_coherent GL_EXT_shader_integer_mix GL_EXT_shader_samples_identical GL_EXT_texture_array GL_EXT_texture_compression_dxt1 GL_EXT_texture_compression_rgtc GL_EXT_texture_compression_s3tc GL_EXT_texture_filter_anisotropic GL_EXT_texture_integer GL_EXT_texture_sRGB GL_EXT_texture_sRGB_R8 GL_EXT_texture_sRGB_decode GL_EXT_texture_shadow_lod GL_EXT_texture_shared_exponent GL_EXT_t
exture_snorm GL_EXT_texture_swizzle GL_EXT_timer_query GL_EXT_transform_feedback GL_EXT_vertex_array_bgra GL_EXT_vertex_attrib_64bit GL_IBM_multimode_draw_arrays GL_INTEL_blackhole_render GL_INTEL_conservative_rasterization GL_INTEL_performance_query GL_INTEL_shader_atomic_float_minmax GL_INTEL_shader_integer_functions2 GL_KHR_blend_equation_advanced GL_KHR_blend_equation_advanced_coherent GL_KHR_context_flush_control GL_KHR_debug GL_KHR_no_error GL_KHR_parallel_shader_compile GL_KHR_robust_buffer_access_behavior GL_KHR_robustness GL_KHR_texture_compression_astc_ldr GL_KHR_texture_compression_astc_sliced_3d GL_MESA_framebuffer_flip_y GL_MESA_pack_invert GL_MESA_shader_integer_functions GL_MESA_texture_signed_rgba GL_NV_compute_shader_derivatives GL_NV_conditional_render GL_NV_copy_image GL_NV_depth_clamp GL_NV_fragment_shader_interlock GL_NV_packed_depth_stencil GL_NV_texture_barrier GL_OES_EGL_image GL_S3_s3tc
OPENGL LOG: Creating OpenGL 4.6 graphics device ; Context level  <OpenGL 4.5> ; Context handle 38738560
Begin MonoManager ReloadAssembly
- Completed reload, in  0.080 seconds
OnLevelWasLoaded was found on LevelSetup
This message has been deprecated and will be removed in a later version of Unity.
Add a delegate to SceneManager.sceneLoaded instead to get notifications after scene loading has completed
Default vsync count 1
requesting resize 1920 x 1080
Using native desktop resolution 1920 x 1080
requesting fullscreen 1920 x 1080 at 0 Hz
Desktop is 1920 x 1080 @ 144 Hz
UnloadTime: 0.534192 ms
Setting breakpad minidump AppID = 322500
Steam_SetMinidumpSteamID:  Caching Steam ID:  76561198396788215 [API loaded no]
Backup creation result: Successful
0:3(12): error: extension `GL_OVR_multiview2' unsupported in vertex shader

Note: Creation of internal variant of shader 'Hidden/InternalClear' failed.
0:3(12): error: extension `GL_OVR_multiview2' unsupported in vertex shader

Note: Creation of internal variant of shader 'Hidden/InternalClear' failed.
0:3(12): error: extension `GL_OVR_multiview2' unsupported in vertex shader

Note: Creation of internal variant of shader 'Hidden/InternalClear' failed.
0:3(12): error: extension `GL_OVR_multiview2' unsupported in vertex shader

Note: Creation of internal variant of shader 'Hidden/InternalClear' failed.
0:3(12): error: extension `GL_OVR_multiview2' unsupported in vertex shader

Note: Creation of internal variant of shader 'Hidden/InternalClear' failed.
0:3(12): error: extension `GL_OVR_multiview2' unsupported in vertex shader

Note: Creation of internal variant of shader 'Hidden/InternalClear' failed.
0:3(12): error: extension `GL_OVR_multiview2' unsupported in vertex shader

Note: Creation of internal variant of shader 'Hidden/InternalClear' failed.
0:3(12): error: extension `GL_OVR_multiview2' unsupported in vertex shader

Note: Creation of internal variant of shader 'Hidden/InternalClear' failed.
0:3(12): error: extension `GL_OVR_multiview2' unsupported in vertex shader

Note: Creation of internal variant of shader 'GUI/Text Shader' failed.
0:3(12): error: extension `GL_OVR_multiview2' unsupported in vertex shader

Note: Creation of internal variant of shader 'Hidden/InternalErrorShader' failed.
Shader warmup: 7 shaders 53 combinations 0.018s
https://killstagram.azurewebsites.net/api/Uploader/omega-chad07b84a9f5c184f1bad2f7a60df3420ca
Starting WebRequest for acquiring KillstagramId
Achievement System initialization result: OK, User stats init result: OK
The referenced script (SHRLDebugWindow) on this Behaviour is missing!
The referenced script (DebugWindowDisplay) on this Behaviour is missing!
The referenced script on this Behaviour (Game Object 'BaseSystems(Clone)') is missing!
The referenced script on this Behaviour (Game Object 'BaseSystems(Clone)') is missing!
The referenced script on this Behaviour (Game Object 'prober') is missing!
The referenced script on this Behaviour (Game Object 'AchivManager') is missing!
The referenced script on this Behaviour (Game Object 'AchivManager') is missing!
Unloading 6 Unused Serialized files (Serialized files now loaded: 0)
Setting up 4 worker threads for Enlighten.
  Thread -> id: 7fdb25596640 -> priority: 1 
  Thread -> id: 7fda9d687640 -> priority: 1 
  Thread -> id: 7fda9ce86640 -> priority: 1 
  Thread -> id: 7fda8bfff640 -> priority: 1 
WebRequest resolved
Acquired Killstagram ID DeepBriefCharcoalEland with claim token 87a0f3b851964c178adf4a14a19c23ee
UnloadTime: 1.988038 ms
Shader warmup: 59 shaders 309 combinations 0.085s

Unloading 25 unused Assets to reduce memory usage. Loaded Objects now: 3877.
Total: 6.798288 ms (FindLiveObjects: 0.266643 ms CreateObjectMapping: 0.204934 ms MarkObjects: 6.108855 ms  DeleteObjects: 0.217462 ms)

The referenced script on this Behaviour (Game Object 'LevelFlowControl') is missing!
Unloading 5 Unused Serialized files (Serialized files now loaded: 0)
UnloadTime: 0.684682 ms

Unloading 7 unused Assets to reduce memory usage. Loaded Objects now: 20371.
Total: 10.130286 ms (FindLiveObjects: 0.660256 ms CreateObjectMapping: 0.335298 ms MarkObjects: 9.094989 ms  DeleteObjects: 0.039410 ms)

Shader warmup: 91 shaders 1378 combinations 10.903s
The referenced script (SHRLDebugWindow) on this Behaviour is missing!
The referenced script (DebugWindowDisplay) on this Behaviour is missing!
The referenced script on this Behaviour (Game Object 'BaseSystems(Clone)') is missing!
The referenced script on this Behaviour (Game Object 'BaseSystems(Clone)') is missing!
The referenced script on this Behaviour (Game Object 'prober') is missing!
The referenced script on this Behaviour (Game Object 'AchivManager') is missing!
The referenced script on this Behaviour (Game Object 'AchivManager') is missing!
Unloading 5 Unused Serialized files (Serialized files now loaded: 0)
UnloadTime: 30.848652 ms

Unloading 1466 unused Assets to reduce memory usage. Loaded Objects now: 6564.
Total: 25.551182 ms (FindLiveObjects: 1.535061 ms CreateObjectMapping: 1.653657 ms MarkObjects: 16.995391 ms  DeleteObjects: 5.363168 ms)

Shader warmup: 93 shaders 1395 combinations 0.265s
The referenced script on this Behaviour (Game Object 'LevelFlowControl') is missing!
Unloading 5 Unused Serialized files (Serialized files now loaded: 0)
UnloadTime: 0.519579 ms

Unloading 20 unused Assets to reduce memory usage. Loaded Objects now: 20576.
Total: 10.542528 ms (FindLiveObjects: 0.695887 ms CreateObjectMapping: 0.348619 ms MarkObjects: 9.357309 ms  DeleteObjects: 0.140385 ms)

Shader warmup: 93 shaders 1395 combinations 0.002s
The referenced script (SHRLDebugWindow) on this Behaviour is missing!
The referenced script (DebugWindowDisplay) on this Behaviour is missing!
The referenced script on this Behaviour (Game Object 'BaseSystems(Clone)') is missing!
The referenced script on this Behaviour (Game Object 'BaseSystems(Clone)') is missing!
The referenced script on this Behaviour (Game Object 'prober') is missing!
The referenced script on this Behaviour (Game Object 'AchivManager') is missing!
The referenced script on this Behaviour (Game Object 'AchivManager') is missing!
Unloading 5 Unused Serialized files (Serialized files now loaded: 0)
UnloadTime: 22.848709 ms

Unloading 1465 unused Assets to reduce memory usage. Loaded Objects now: 6720.
Total: 21.455050 ms (FindLiveObjects: 0.812668 ms CreateObjectMapping: 1.109772 ms MarkObjects: 16.926099 ms  DeleteObjects: 2.604032 ms)

Shader warmup: 93 shaders 1395 combinations 0.010s
Unloading 3 Unused Serialized files (Serialized files now loaded: 0)
UnloadTime: 0.692833 ms
Backup creation result: Successful
Shader warmup: 93 shaders 1395 combinations 0.003s

Unloading 18 unused Assets to reduce memory usage. Loaded Objects now: 6408.
Total: 7.590267 ms (FindLiveObjects: 0.297286 ms CreateObjectMapping: 0.213937 ms MarkObjects: 7.025592 ms  DeleteObjects: 0.053003 ms)

The referenced script (SHRLDebugWindow) on this Behaviour is missing!
The referenced script (DebugWindowDisplay) on this Behaviour is missing!
The referenced script on this Behaviour (Game Object 'BaseSystems(Clone)') is missing!
The referenced script on this Behaviour (Game Object 'BaseSystems(Clone)') is missing!
The referenced script on this Behaviour (Game Object 'prober') is missing!
The referenced script on this Behaviour (Game Object 'AchivManager') is missing!
The referenced script on this Behaviour (Game Object 'AchivManager') is missing!
Unloading 5 Unused Serialized files (Serialized files now loaded: 0)
UnloadTime: 0.264559 ms
Shader warmup: 93 shaders 1395 combinations 0.002s
Achievement System initialization result: OK, User stats init result: OK

Unloading 22 unused Assets to reduce memory usage. Loaded Objects now: 6775.
Total: 15.070535 ms (FindLiveObjects: 0.307779 ms CreateObjectMapping: 0.325601 ms MarkObjects: 14.248575 ms  DeleteObjects: 0.188077 ms)

The referenced script on this Behaviour (Game Object 'LevelFlowControl') is missing!
Unloading 5 Unused Serialized files (Serialized files now loaded: 0)
UnloadTime: 0.455612 ms

Unloading 14 unused Assets to reduce memory usage. Loaded Objects now: 20758.
Total: 11.722428 ms (FindLiveObjects: 0.761463 ms CreateObjectMapping: 0.367087 ms MarkObjects: 10.513874 ms  DeleteObjects: 0.079446 ms)

Shader warmup: 93 shaders 1395 combinations 0.002s
The referenced script on this Behaviour (Game Object 'LevelFlowControl') is missing!
Unloading 5 Unused Serialized files (Serialized files now loaded: 0)
UnloadTime: 23.234173 ms

Unloading 65 unused Assets to reduce memory usage. Loaded Objects now: 20860.
Total: 13.612407 ms (FindLiveObjects: 0.721867 ms CreateObjectMapping: 0.340557 ms MarkObjects: 12.268387 ms  DeleteObjects: 0.281114 ms)

Shader warmup: 94 shaders 1396 combinations 0.002s
The referenced script on this Behaviour (Game Object 'LevelFlowControl') is missing!
Unloading 5 Unused Serialized files (Serialized files now loaded: 0)
UnloadTime: 28.024429 ms

Unloading 53 unused Assets to reduce memory usage. Loaded Objects now: 20918.
Total: 12.371280 ms (FindLiveObjects: 0.764437 ms CreateObjectMapping: 0.342154 ms MarkObjects: 11.094574 ms  DeleteObjects: 0.169688 ms)

Shader warmup: 94 shaders 1396 combinations 0.001s
The referenced script (SHRLDebugWindow) on this Behaviour is missing!
The referenced script (DebugWindowDisplay) on this Behaviour is missing!
The referenced script on this Behaviour (Game Object 'BaseSystems(Clone)') is missing!
The referenced script on this Behaviour (Game Object 'BaseSystems(Clone)') is missing!
The referenced script on this Behaviour (Game Object 'prober') is missing!
The referenced script on this Behaviour (Game Object 'AchivManager') is missing!
The referenced script on this Behaviour (Game Object 'AchivManager') is missing!
Unloading 5 Unused Serialized files (Serialized files now loaded: 0)
NullReferenceException: Object reference not set to an instance of an object
  at SHReplays.SHTransformKeyFrame.GetCameraRelativeTransform (UnityEngine.Transform transform, UnityEngine.Vector3& position, UnityEngine.Quaternion& rotation) [0x00013] in <7ad15c9073534f11b852f4d0f6924fcf>:0 
  at SHReplays.SHTransformKeyFrame.Init (UnityEngine.Transform transform) [0x00008] in <7ad15c9073534f11b852f4d0f6924fcf>:0 
  at SHReplays.SHTransformKeyFrame.Init (PiotrThis piotrThis) [0x00007] in <7ad15c9073534f11b852f4d0f6924fcf>:0 
  at SHReplays.SHTimeline.RecordLastFrame (PiotrThis piotrThis) [0x00043] in <7ad15c9073534f11b852f4d0f6924fcf>:0 
  at SHReplays.SHMimicObject.Release (PiotrThis piotrThis) [0x0001f] in <7ad15c9073534f11b852f4d0f6924fcf>:0 
  at PiotrThis.ReleaseMimic () [0x00010] in <7ad15c9073534f11b852f4d0f6924fcf>:0 
  at PiotrThis.OnDisable () [0x00000] in <7ad15c9073534f11b852f4d0f6924fcf>:0 

NullReferenceException: Object reference not set to an instance of an object
  at SHReplays.SHTransformKeyFrame.GetCameraRelativeTransform (UnityEngine.Transform transform, UnityEngine.Vector3& position, UnityEngine.Quaternion& rotation) [0x00013] in <7ad15c9073534f11b852f4d0f6924fcf>:0 
  at SHReplays.SHTransformKeyFrame.Init (UnityEngine.Transform transform) [0x00008] in <7ad15c9073534f11b852f4d0f6924fcf>:0 
  at SHReplays.SHTransformKeyFrame.Init (PiotrThis piotrThis) [0x00007] in <7ad15c9073534f11b852f4d0f6924fcf>:0 
  at SHReplays.SHTimeline.RecordLastFrame (PiotrThis piotrThis) [0x00043] in <7ad15c9073534f11b852f4d0f6924fcf>:0 
  at SHReplays.SHMimicObject.Release (PiotrThis piotrThis) [0x0001f] in <7ad15c9073534f11b852f4d0f6924fcf>:0 
  at PiotrThis.ReleaseMimic () [0x00010] in <7ad15c9073534f11b852f4d0f6924fcf>:0 
  at PiotrThis.OnDisable () [0x00000] in <7ad15c9073534f11b852f4d0f6924fcf>:0 

UnloadTime: 35.217938 ms

Unloading 1465 unused Assets to reduce memory usage. Loaded Objects now: 6962.
Total: 25.739624 ms (FindLiveObjects: 1.668058 ms CreateObjectMapping: 1.656326 ms MarkObjects: 18.567949 ms  DeleteObjects: 3.843725 ms)

Shader warmup: 94 shaders 1396 combinations 0.006s
Curl error 42: Callback aborted
