 
New instance of bashtop version: 0.9.25 Pid: 26279
 
New instance of bashtop version: 0.9.25 Pid: 13433
 
New instance of bashtop version: 0.9.25 Pid: 2102
 
New instance of bashtop version: 0.9.25 Pid: 14676
 
New instance of bashtop version: 0.9.25 Pid: 1337
 
New instance of bashtop version: 0.9.25 Pid: 1604
 
New instance of bashtop version: 0.9.25 Pid: 1994
error: process ID out of range

Usage:
 ps [options]

 Try 'ps --help <simple|list|output|threads|misc|all>'
  or 'ps --help <s|l|o|t|m|a>'
 for additional help text.

For more details see ps(1).
04:23:50 PM ERROR: On line 2457 
 
New instance of bashtop version: 0.9.25 Pid: 11535
 
New instance of bashtop version: 0.9.25 Pid: 3946
 
New instance of bashtop version: 0.9.25 Pid: 10714
 
New instance of bashtop version: 0.9.25 Pid: 2213
 
New instance of bashtop version: 0.9.25 Pid: 48099
 
New instance of bashtop version: 0.9.25 Pid: 13829
 
New instance of bashtop version: 0.9.25 Pid: 13428
 
New instance of bashtop version: 0.9.25 Pid: 16525
 
New instance of bashtop version: 0.9.25 Pid: 18528
 
New instance of bashtop version: 0.9.25 Pid: 53936
 
New instance of bashtop version: 0.9.25 Pid: 1319
 
New instance of bashtop version: 0.9.25 Pid: 2684
 
New instance of bashtop version: 0.9.25 Pid: 3768
 
New instance of bashtop version: 0.9.25 Pid: 4177
 
New instance of bashtop version: 0.9.25 Pid: 8748
